Using pre-set license
Built from '2020.3/release' branch; Version is '2020.3.12f1 (b3b2c6512326) revision 11776710'; Using compiler version '192528614'; Build Type 'Release'
OS: 'Windows 10 Pro; OS build 19043.1466; Version 2009; 64bit' Language: 'tr' Physical Memory: 16272 MB
BatchMode: 1, IsHumanControllingUs: 0, StartBugReporterOnCrash: 0, Is64bit: 1, IsPro: 0

 COMMAND LINE ARGUMENTS:
C:\Program Files\Unity\Hub\Editor\2020.3.12f1\Editor\Unity.exe
-adb2
-batchMode
-noUpm
-name
AssetImportWorker0
-projectPath
D:/Projeler/Junior/Projects/JuniorFinish/Bombarzem
-logFile
Logs/AssetImportWorker0.log
-srvPort
60384
Successfully changed project path to: D:/Projeler/Junior/Projects/JuniorFinish/Bombarzem
D:/Projeler/Junior/Projects/JuniorFinish/Bombarzem
Using Asset Import Pipeline V2.
Refreshing native plugins compatible for Editor in 33.77 ms, found 2 plugins.
Preloading 0 native plugins for Editor in 0.00 ms.
Initialize engine version: 2020.3.12f1 (b3b2c6512326)
[Subsystems] Discovering subsystems at path C:/Program Files/Unity/Hub/Editor/2020.3.12f1/Editor/Data/Resources/UnitySubsystems
[Subsystems] Discovering subsystems at path D:/Projeler/Junior/Projects/JuniorFinish/Bombarzem/Assets
GfxDevice: creating device client; threaded=0
Direct3D:
    Version:  Direct3D 11.0 [level 11.1]
    Renderer: NVIDIA GeForce GTX 1050 (ID=0x1c8d)
    Vendor:   
    VRAM:     4019 MB
    Driver:   30.0.14.9649
Initialize mono
Mono path[0] = 'C:/Program Files/Unity/Hub/Editor/2020.3.12f1/Editor/Data/Managed'
Mono path[1] = 'C:/Program Files/Unity/Hub/Editor/2020.3.12f1/Editor/Data/MonoBleedingEdge/lib/mono/unityjit'
Mono config path = 'C:/Program Files/Unity/Hub/Editor/2020.3.12f1/Editor/Data/MonoBleedingEdge/etc'
Using monoOptions --debugger-agent=transport=dt_socket,embedding=1,server=y,suspend=n,address=127.0.0.1:56436
Begin MonoManager ReloadAssembly
Registering precompiled unity dll's ...
Register platform support module: C:/Program Files/Unity/Hub/Editor/2020.3.12f1/Editor/Data/PlaybackEngines/WebGLSupport/UnityEditor.WebGL.Extensions.dll
Register platform support module: C:/Program Files/Unity/Hub/Editor/2020.3.12f1/Editor/Data/PlaybackEngines/WindowsStandaloneSupport/UnityEditor.WindowsStandalone.Extensions.dll
Registered in 0.003891 seconds.
Native extension for WindowsStandalone target not found
Native extension for WebGL target not found
Refreshing native plugins compatible for Editor in 32.31 ms, found 2 plugins.
Preloading 0 native plugins for Editor in 0.00 ms.
Mono: successfully reloaded assembly
- Completed reload, in  3.079 seconds
Platform modules already initialized, skipping
Registering precompiled user dll's ...
Registered in 0.003601 seconds.
Begin MonoManager ReloadAssembly
Native extension for WindowsStandalone target not found
Native extension for WebGL target not found
Refreshing native plugins compatible for Editor in 0.32 ms, found 2 plugins.
Preloading 0 native plugins for Editor in 0.00 ms.
Mono: successfully reloaded assembly
- Completed reload, in  1.288 seconds
Platform modules already initialized, skipping
========================================================================
Worker process is ready to serve import requests
Launched and connected shader compiler UnityShaderCompiler.exe after 0.06 seconds
Refreshing native plugins compatible for Editor in 0.31 ms, found 2 plugins.
Preloading 0 native plugins for Editor in 0.00 ms.
Unloading 1393 Unused Serialized files (Serialized files now loaded: 0)
System memory in use before: 65.0 MB.
System memory in use after: 65.0 MB.

Unloading 19 unused Assets to reduce memory usage. Loaded Objects now: 1826.
Total: 2.181700 ms (FindLiveObjects: 0.137400 ms CreateObjectMapping: 0.046900 ms MarkObjects: 1.865400 ms  DeleteObjects: 0.131200 ms)

AssetImportParameters requested are different than current active one (requested -> active):
  custom:framework-win-MediaFoundation: 216162199b28c13a410421893ffa2e32 -> 
  custom:video-decoder-ogg-theora: a1e56fd34408186e4bbccfd4996cb3dc -> 
  custom:container-muxer-webm: aa71ff27fc2769a1b78a27578f13a17b -> 
  custom:container-demuxer-webm: 4f35f7cbe854078d1ac9338744f61a02 -> 
  custom:container-demuxer-ogg: 62fdf1f143b41e24485cea50d1cbac27 -> 
  custom:video-encoder-webm-vp8: eb34c28f22e8b96e1ab97ce403110664 -> 
  custom:video-decoder-webm-vp8: 9c59270c3fd7afecdb556c50c9e8de78 -> 
  custom:audio-decoder-ogg-vorbis: bf7c407c2cedff20999df2af8eb42d56 -> 
  custom:audio-encoder-webm-vorbis: bf7c407c2cedff20999df2af8eb42d56 -> 
========================================================================
Received Import Request.
  path: Assets/[GAME]/Materials
  artifactKey: Guid(080fd20f68a2a3041a8a0766000bdcc7) Importer(815301076,1909f56bfc062723c751e8b465ee728b)
Start importing Assets/[GAME]/Materials using Guid(080fd20f68a2a3041a8a0766000bdcc7) Importer(815301076,1909f56bfc062723c751e8b465ee728b)  -> (artifact id: '518f88dee6a033da3e4ae3f418617d78') in 0.009971 seconds 
  Import took 0.014020 seconds .

========================================================================
Received Prepare
Registering precompiled user dll's ...
Registered in 0.004495 seconds.
Begin MonoManager ReloadAssembly
Native extension for WindowsStandalone target not found
Native extension for WebGL target not found
Refreshing native plugins compatible for Editor in 0.32 ms, found 2 plugins.
Preloading 0 native plugins for Editor in 0.00 ms.
Mono: successfully reloaded assembly
- Completed reload, in  1.175 seconds
Platform modules already initialized, skipping
Refreshing native plugins compatible for Editor in 0.31 ms, found 2 plugins.
Preloading 0 native plugins for Editor in 0.00 ms.
Unloading 1388 Unused Serialized files (Serialized files now loaded: 0)
System memory in use before: 64.9 MB.
System memory in use after: 65.0 MB.

Unloading 14 unused Assets to reduce memory usage. Loaded Objects now: 1829.
Total: 2.235200 ms (FindLiveObjects: 0.155100 ms CreateObjectMapping: 0.046900 ms MarkObjects: 1.929600 ms  DeleteObjects: 0.102600 ms)

AssetImportParameters requested are different than current active one (requested -> active):
  custom:framework-win-MediaFoundation: 216162199b28c13a410421893ffa2e32 -> 
  custom:video-decoder-ogg-theora: a1e56fd34408186e4bbccfd4996cb3dc -> 
  custom:container-muxer-webm: aa71ff27fc2769a1b78a27578f13a17b -> 
  custom:container-demuxer-webm: 4f35f7cbe854078d1ac9338744f61a02 -> 
  custom:container-demuxer-ogg: 62fdf1f143b41e24485cea50d1cbac27 -> 
  custom:video-encoder-webm-vp8: eb34c28f22e8b96e1ab97ce403110664 -> 
  custom:video-decoder-webm-vp8: 9c59270c3fd7afecdb556c50c9e8de78 -> 
  custom:audio-decoder-ogg-vorbis: bf7c407c2cedff20999df2af8eb42d56 -> 
  custom:audio-encoder-webm-vorbis: bf7c407c2cedff20999df2af8eb42d56 -> 
========================================================================
Received Import Request.
  Time since last request: 467.113833 seconds.
  path: Assets/[GAME]/Prefabs
  artifactKey: Guid(1b4276a7458a9434eb196ff30ae41ab9) Importer(815301076,1909f56bfc062723c751e8b465ee728b)
Start importing Assets/[GAME]/Prefabs using Guid(1b4276a7458a9434eb196ff30ae41ab9) Importer(815301076,1909f56bfc062723c751e8b465ee728b)  -> (artifact id: '0455875101f16f22615f01254987e1dc') in 0.014342 seconds 
  Import took 0.017304 seconds .

========================================================================
Received Import Request.
  Time since last request: 11.152313 seconds.
  path: Assets/[GAME]/Scripts/Character
  artifactKey: Guid(ae60748e1299a3b44a8bf1d7d92077a7) Importer(815301076,1909f56bfc062723c751e8b465ee728b)
Start importing Assets/[GAME]/Scripts/Character using Guid(ae60748e1299a3b44a8bf1d7d92077a7) Importer(815301076,1909f56bfc062723c751e8b465ee728b)  -> (artifact id: '8755df2eb60ed77a1bddab44600d595f') in 0.009235 seconds 
  Import took 0.012974 seconds .

========================================================================
Received Import Request.
  Time since last request: 8.379830 seconds.
  path: Assets/[GAME]/Scripts/Character/CharacterController.cs
  artifactKey: Guid(57dabfe63dafcc84c98905711fed0670) Importer(815301076,1909f56bfc062723c751e8b465ee728b)
Start importing Assets/[GAME]/Scripts/Character/CharacterController.cs using Guid(57dabfe63dafcc84c98905711fed0670) Importer(815301076,1909f56bfc062723c751e8b465ee728b)  -> (artifact id: '68e10340e067946069131b4ea18f7898') in 0.061461 seconds 
  Import took 0.065718 seconds .

========================================================================
Received Prepare
Registering precompiled user dll's ...
Registered in 0.003191 seconds.
Begin MonoManager ReloadAssembly
Native extension for WindowsStandalone target not found
Native extension for WebGL target not found
Refreshing native plugins compatible for Editor in 0.32 ms, found 2 plugins.
Preloading 0 native plugins for Editor in 0.00 ms.
Mono: successfully reloaded assembly
- Completed reload, in  1.148 seconds
Platform modules already initialized, skipping
Refreshing native plugins compatible for Editor in 0.33 ms, found 2 plugins.
Preloading 0 native plugins for Editor in 0.00 ms.
Unloading 1389 Unused Serialized files (Serialized files now loaded: 0)
System memory in use before: 65.0 MB.
System memory in use after: 65.0 MB.

Unloading 14 unused Assets to reduce memory usage. Loaded Objects now: 1833.
Total: 2.197800 ms (FindLiveObjects: 0.235700 ms CreateObjectMapping: 0.049500 ms MarkObjects: 1.813300 ms  DeleteObjects: 0.097900 ms)

AssetImportParameters requested are different than current active one (requested -> active):
  custom:framework-win-MediaFoundation: 216162199b28c13a410421893ffa2e32 -> 
  custom:video-decoder-ogg-theora: a1e56fd34408186e4bbccfd4996cb3dc -> 
  custom:container-muxer-webm: aa71ff27fc2769a1b78a27578f13a17b -> 
  custom:container-demuxer-webm: 4f35f7cbe854078d1ac9338744f61a02 -> 
  custom:container-demuxer-ogg: 62fdf1f143b41e24485cea50d1cbac27 -> 
  custom:video-encoder-webm-vp8: eb34c28f22e8b96e1ab97ce403110664 -> 
  custom:video-decoder-webm-vp8: 9c59270c3fd7afecdb556c50c9e8de78 -> 
  custom:audio-decoder-ogg-vorbis: bf7c407c2cedff20999df2af8eb42d56 -> 
  custom:audio-encoder-webm-vorbis: bf7c407c2cedff20999df2af8eb42d56 -> 
========================================================================
Received Import Request.
  Time since last request: 77.340189 seconds.
  path: Assets/[GAME]/New Render Texture.renderTexture
  artifactKey: Guid(2d213794fd927a84ebda9cfb1c5d6f94) Importer(815301076,1909f56bfc062723c751e8b465ee728b)
Start importing Assets/[GAME]/New Render Texture.renderTexture using Guid(2d213794fd927a84ebda9cfb1c5d6f94) Importer(815301076,1909f56bfc062723c751e8b465ee728b)  -> (artifact id: '9b886b94767301fbcb4f72c2afdfcf2f') in 0.108562 seconds 
  Import took 0.195410 seconds .

========================================================================
Received Import Request.
  Time since last request: 0.526356 seconds.
  path: Assets/[GAME]/New Render Texture.renderTexture
  artifactKey: Guid(2d213794fd927a84ebda9cfb1c5d6f94) Importer(815301076,1909f56bfc062723c751e8b465ee728b)
Start importing Assets/[GAME]/New Render Texture.renderTexture using Guid(2d213794fd927a84ebda9cfb1c5d6f94) Importer(815301076,1909f56bfc062723c751e8b465ee728b)  -> (artifact id: '9b886b94767301fbcb4f72c2afdfcf2f') in 0.015422 seconds 
  Import took 0.021970 seconds .

========================================================================
Received Import Request.
  Time since last request: 87.472888 seconds.
  path: Assets/Varlık 5.png
  artifactKey: Guid(c8013ef8c95fabd4d805e6178418f5e3) Importer(815301076,1909f56bfc062723c751e8b465ee728b)
Start importing Assets/Varlık 5.png using Guid(c8013ef8c95fabd4d805e6178418f5e3) Importer(815301076,1909f56bfc062723c751e8b465ee728b)  -> (artifact id: '5443198b5186875f61f82a148fe9dd67') in 0.069417 seconds 
  Import took 0.235106 seconds .

========================================================================
Received Import Request.
  Time since last request: 277.033755 seconds.
  path: Assets/Varlık 5.png
  artifactKey: Guid(c8013ef8c95fabd4d805e6178418f5e3) Importer(815301076,1909f56bfc062723c751e8b465ee728b)
Start importing Assets/Varlık 5.png using Guid(c8013ef8c95fabd4d805e6178418f5e3) Importer(815301076,1909f56bfc062723c751e8b465ee728b)  -> (artifact id: '4ca5ef64b8f16dd49e5570f0bcbcb0a3') in 0.022348 seconds 
  Import took 0.054141 seconds .

========================================================================
Received Import Request.
  Time since last request: 10.738050 seconds.
  path: Assets/Varlık 5.png
  artifactKey: Guid(c8013ef8c95fabd4d805e6178418f5e3) Importer(815301076,1909f56bfc062723c751e8b465ee728b)
Start importing Assets/Varlık 5.png using Guid(c8013ef8c95fabd4d805e6178418f5e3) Importer(815301076,1909f56bfc062723c751e8b465ee728b)  -> (artifact id: '865a678f79bf05538defb3d45e753e83') in 0.011277 seconds 
  Import took 0.025359 seconds .

========================================================================
Received Import Request.
  Time since last request: 170.546165 seconds.
  path: Assets/[GAME]/Scripts/Character/CharacterController.cs
  artifactKey: Guid(57dabfe63dafcc84c98905711fed0670) Importer(815301076,1909f56bfc062723c751e8b465ee728b)
Start importing Assets/[GAME]/Scripts/Character/CharacterController.cs using Guid(57dabfe63dafcc84c98905711fed0670) Importer(815301076,1909f56bfc062723c751e8b465ee728b)  -> (artifact id: 'dd317abf4af15d1d7453d87040049752') in 0.023037 seconds 
  Import took 0.027398 seconds .

========================================================================
Received Import Request.
  Time since last request: 0.355923 seconds.
  path: Assets/[GAME]/Scripts/Character/CharacterController.cs
  artifactKey: Guid(57dabfe63dafcc84c98905711fed0670) Importer(815301076,1909f56bfc062723c751e8b465ee728b)
Start importing Assets/[GAME]/Scripts/Character/CharacterController.cs using Guid(57dabfe63dafcc84c98905711fed0670) Importer(815301076,1909f56bfc062723c751e8b465ee728b)  -> (artifact id: 'dd317abf4af15d1d7453d87040049752') in 0.018245 seconds 
  Import took 0.112481 seconds .

========================================================================
Received Import Request.
  Time since last request: 49.576913 seconds.
  path: Assets/[GAME]/Scripts/Character/CharacterController.cs
  artifactKey: Guid(57dabfe63dafcc84c98905711fed0670) Importer(815301076,1909f56bfc062723c751e8b465ee728b)
Start importing Assets/[GAME]/Scripts/Character/CharacterController.cs using Guid(57dabfe63dafcc84c98905711fed0670) Importer(815301076,1909f56bfc062723c751e8b465ee728b)  -> (artifact id: '9cf051620fa7f1f42357b4a847562251') in 0.029704 seconds 
  Import took 0.032262 seconds .

========================================================================
Received Import Request.
  Time since last request: 0.026209 seconds.
  path: Assets/[GAME]/Scripts/Character/CharacterController.cs
  artifactKey: Guid(57dabfe63dafcc84c98905711fed0670) Importer(815301076,1909f56bfc062723c751e8b465ee728b)
Start importing Assets/[GAME]/Scripts/Character/CharacterController.cs using Guid(57dabfe63dafcc84c98905711fed0670) Importer(815301076,1909f56bfc062723c751e8b465ee728b)  -> (artifact id: '9cf051620fa7f1f42357b4a847562251') in 0.011191 seconds 
  Import took 0.015609 seconds .

========================================================================
Received Prepare
Registering precompiled user dll's ...
Registered in 0.024663 seconds.
Begin MonoManager ReloadAssembly
Native extension for WindowsStandalone target not found
Native extension for WebGL target not found
Refreshing native plugins compatible for Editor in 0.36 ms, found 2 plugins.
Preloading 0 native plugins for Editor in 0.00 ms.
Mono: successfully reloaded assembly
- Completed reload, in  1.501 seconds
Platform modules already initialized, skipping
Refreshing native plugins compatible for Editor in 0.33 ms, found 2 plugins.
Preloading 0 native plugins for Editor in 0.00 ms.
Unloading 1389 Unused Serialized files (Serialized files now loaded: 0)
System memory in use before: 68.1 MB.
System memory in use after: 68.2 MB.

Unloading 14 unused Assets to reduce memory usage. Loaded Objects now: 1843.
Total: 2.953400 ms (FindLiveObjects: 0.143900 ms CreateObjectMapping: 0.049900 ms MarkObjects: 2.647700 ms  DeleteObjects: 0.110700 ms)

AssetImportParameters requested are different than current active one (requested -> active):
  custom:framework-win-MediaFoundation: 216162199b28c13a410421893ffa2e32 -> 
  custom:video-decoder-ogg-theora: a1e56fd34408186e4bbccfd4996cb3dc -> 
  custom:container-muxer-webm: aa71ff27fc2769a1b78a27578f13a17b -> 
  custom:container-demuxer-webm: 4f35f7cbe854078d1ac9338744f61a02 -> 
  custom:container-demuxer-ogg: 62fdf1f143b41e24485cea50d1cbac27 -> 
  custom:video-encoder-webm-vp8: eb34c28f22e8b96e1ab97ce403110664 -> 
  custom:video-decoder-webm-vp8: 9c59270c3fd7afecdb556c50c9e8de78 -> 
  custom:audio-decoder-ogg-vorbis: bf7c407c2cedff20999df2af8eb42d56 -> 
  custom:audio-encoder-webm-vorbis: bf7c407c2cedff20999df2af8eb42d56 -> 
========================================================================
Received Import Request.
  Time since last request: 12.268116 seconds.
  path: Assets/[GAME]/Scripts/Character/CharacterController.cs
  artifactKey: Guid(57dabfe63dafcc84c98905711fed0670) Importer(815301076,1909f56bfc062723c751e8b465ee728b)
Start importing Assets/[GAME]/Scripts/Character/CharacterController.cs using Guid(57dabfe63dafcc84c98905711fed0670) Importer(815301076,1909f56bfc062723c751e8b465ee728b)  -> (artifact id: '7558b54797122b6ee3a96a54c2c5d970') in 0.010936 seconds 
  Import took 0.021414 seconds .

========================================================================
Received Import Request.
  Time since last request: 0.002093 seconds.
  path: Assets/[GAME]/Scripts/Character/CharacterController.cs
  artifactKey: Guid(57dabfe63dafcc84c98905711fed0670) Importer(815301076,1909f56bfc062723c751e8b465ee728b)
Start importing Assets/[GAME]/Scripts/Character/CharacterController.cs using Guid(57dabfe63dafcc84c98905711fed0670) Importer(815301076,1909f56bfc062723c751e8b465ee728b)  -> (artifact id: '7558b54797122b6ee3a96a54c2c5d970') in 0.004459 seconds 
  Import took 0.009961 seconds .

========================================================================
Received Prepare
Registering precompiled user dll's ...
Registered in 0.003137 seconds.
Begin MonoManager ReloadAssembly
Native extension for WindowsStandalone target not found
Native extension for WebGL target not found
Refreshing native plugins compatible for Editor in 0.40 ms, found 2 plugins.
Preloading 0 native plugins for Editor in 0.00 ms.
Mono: successfully reloaded assembly
- Completed reload, in  1.452 seconds
Platform modules already initialized, skipping
Refreshing native plugins compatible for Editor in 0.33 ms, found 2 plugins.
Preloading 0 native plugins for Editor in 0.00 ms.
Unloading 1389 Unused Serialized files (Serialized files now loaded: 0)
System memory in use before: 68.1 MB.
System memory in use after: 68.2 MB.

Unloading 14 unused Assets to reduce memory usage. Loaded Objects now: 1846.
Total: 2.657900 ms (FindLiveObjects: 0.510600 ms CreateObjectMapping: 0.061600 ms MarkObjects: 2.016600 ms  DeleteObjects: 0.068000 ms)

AssetImportParameters requested are different than current active one (requested -> active):
  custom:framework-win-MediaFoundation: 216162199b28c13a410421893ffa2e32 -> 
  custom:video-decoder-ogg-theora: a1e56fd34408186e4bbccfd4996cb3dc -> 
  custom:container-muxer-webm: aa71ff27fc2769a1b78a27578f13a17b -> 
  custom:container-demuxer-webm: 4f35f7cbe854078d1ac9338744f61a02 -> 
  custom:container-demuxer-ogg: 62fdf1f143b41e24485cea50d1cbac27 -> 
  custom:video-encoder-webm-vp8: eb34c28f22e8b96e1ab97ce403110664 -> 
  custom:video-decoder-webm-vp8: 9c59270c3fd7afecdb556c50c9e8de78 -> 
  custom:audio-decoder-ogg-vorbis: bf7c407c2cedff20999df2af8eb42d56 -> 
  custom:audio-encoder-webm-vorbis: bf7c407c2cedff20999df2af8eb42d56 -> 
========================================================================
Received Prepare
Registering precompiled user dll's ...
Registered in 0.004670 seconds.
Begin MonoManager ReloadAssembly
Native extension for WindowsStandalone target not found
Native extension for WebGL target not found
Refreshing native plugins compatible for Editor in 0.32 ms, found 2 plugins.
Preloading 0 native plugins for Editor in 0.00 ms.
Mono: successfully reloaded assembly
- Completed reload, in  1.197 seconds
Platform modules already initialized, skipping
Refreshing native plugins compatible for Editor in 0.43 ms, found 2 plugins.
Preloading 0 native plugins for Editor in 0.00 ms.
Unloading 1389 Unused Serialized files (Serialized files now loaded: 0)
System memory in use before: 68.1 MB.
System memory in use after: 68.2 MB.

Unloading 14 unused Assets to reduce memory usage. Loaded Objects now: 1849.
Total: 2.428500 ms (FindLiveObjects: 0.143000 ms CreateObjectMapping: 0.042000 ms MarkObjects: 2.129500 ms  DeleteObjects: 0.113100 ms)

AssetImportParameters requested are different than current active one (requested -> active):
  custom:framework-win-MediaFoundation: 216162199b28c13a410421893ffa2e32 -> 
  custom:video-decoder-ogg-theora: a1e56fd34408186e4bbccfd4996cb3dc -> 
  custom:container-muxer-webm: aa71ff27fc2769a1b78a27578f13a17b -> 
  custom:container-demuxer-webm: 4f35f7cbe854078d1ac9338744f61a02 -> 
  custom:container-demuxer-ogg: 62fdf1f143b41e24485cea50d1cbac27 -> 
  custom:video-encoder-webm-vp8: eb34c28f22e8b96e1ab97ce403110664 -> 
  custom:video-decoder-webm-vp8: 9c59270c3fd7afecdb556c50c9e8de78 -> 
  custom:audio-decoder-ogg-vorbis: bf7c407c2cedff20999df2af8eb42d56 -> 
  custom:audio-encoder-webm-vorbis: bf7c407c2cedff20999df2af8eb42d56 -> 
========================================================================
Received Import Request.
  Time since last request: 59.225045 seconds.
  path: Assets/Varlık 5.png
  artifactKey: Guid(c8013ef8c95fabd4d805e6178418f5e3) Importer(815301076,1909f56bfc062723c751e8b465ee728b)
Start importing Assets/Varlık 5.png using Guid(c8013ef8c95fabd4d805e6178418f5e3) Importer(815301076,1909f56bfc062723c751e8b465ee728b)  -> (artifact id: '7f6d08cebcec69a8705a659dd8b10e5e') in 0.100286 seconds 
  Import took 0.103234 seconds .

========================================================================
Received Prepare
Registering precompiled user dll's ...
Registered in 0.003591 seconds.
Begin MonoManager ReloadAssembly
Native extension for WindowsStandalone target not found
Native extension for WebGL target not found
Refreshing native plugins compatible for Editor in 0.55 ms, found 2 plugins.
Preloading 0 native plugins for Editor in 0.00 ms.
Mono: successfully reloaded assembly
- Completed reload, in  1.243 seconds
Platform modules already initialized, skipping
Refreshing native plugins compatible for Editor in 0.38 ms, found 2 plugins.
Preloading 0 native plugins for Editor in 0.00 ms.
Unloading 1389 Unused Serialized files (Serialized files now loaded: 0)
System memory in use before: 68.4 MB.
System memory in use after: 68.5 MB.

Unloading 14 unused Assets to reduce memory usage. Loaded Objects now: 1882.
Total: 3.016600 ms (FindLiveObjects: 0.206000 ms CreateObjectMapping: 0.057000 ms MarkObjects: 2.657800 ms  DeleteObjects: 0.094800 ms)

AssetImportParameters requested are different than current active one (requested -> active):
  custom:framework-win-MediaFoundation: 216162199b28c13a410421893ffa2e32 -> 
  custom:video-decoder-ogg-theora: a1e56fd34408186e4bbccfd4996cb3dc -> 
  custom:container-muxer-webm: aa71ff27fc2769a1b78a27578f13a17b -> 
  custom:container-demuxer-webm: 4f35f7cbe854078d1ac9338744f61a02 -> 
  custom:container-demuxer-ogg: 62fdf1f143b41e24485cea50d1cbac27 -> 
  custom:video-encoder-webm-vp8: eb34c28f22e8b96e1ab97ce403110664 -> 
  custom:video-decoder-webm-vp8: 9c59270c3fd7afecdb556c50c9e8de78 -> 
  custom:audio-decoder-ogg-vorbis: bf7c407c2cedff20999df2af8eb42d56 -> 
  custom:audio-encoder-webm-vorbis: bf7c407c2cedff20999df2af8eb42d56 -> 
========================================================================
Received Prepare
Registering precompiled user dll's ...
Registered in 0.003311 seconds.
Begin MonoManager ReloadAssembly
Native extension for WindowsStandalone target not found
Native extension for WebGL target not found
Refreshing native plugins compatible for Editor in 0.31 ms, found 2 plugins.
Preloading 0 native plugins for Editor in 0.00 ms.
Mono: successfully reloaded assembly
- Completed reload, in  1.165 seconds
Platform modules already initialized, skipping
Refreshing native plugins compatible for Editor in 0.31 ms, found 2 plugins.
Preloading 0 native plugins for Editor in 0.00 ms.
Unloading 1389 Unused Serialized files (Serialized files now loaded: 0)
System memory in use before: 68.4 MB.
System memory in use after: 68.5 MB.

Unloading 14 unused Assets to reduce memory usage. Loaded Objects now: 1885.
Total: 2.114800 ms (FindLiveObjects: 0.136000 ms CreateObjectMapping: 0.039800 ms MarkObjects: 1.825900 ms  DeleteObjects: 0.112200 ms)

AssetImportParameters requested are different than current active one (requested -> active):
  custom:framework-win-MediaFoundation: 216162199b28c13a410421893ffa2e32 -> 
  custom:video-decoder-ogg-theora: a1e56fd34408186e4bbccfd4996cb3dc -> 
  custom:container-muxer-webm: aa71ff27fc2769a1b78a27578f13a17b -> 
  custom:container-demuxer-webm: 4f35f7cbe854078d1ac9338744f61a02 -> 
  custom:container-demuxer-ogg: 62fdf1f143b41e24485cea50d1cbac27 -> 
  custom:video-encoder-webm-vp8: eb34c28f22e8b96e1ab97ce403110664 -> 
  custom:video-decoder-webm-vp8: 9c59270c3fd7afecdb556c50c9e8de78 -> 
  custom:audio-decoder-ogg-vorbis: bf7c407c2cedff20999df2af8eb42d56 -> 
  custom:audio-encoder-webm-vorbis: bf7c407c2cedff20999df2af8eb42d56 -> 
